<?xml version="1.0" encoding="UTF-8"?>
<!-- Generated by org.testng.reporters.JUnitXMLReporter -->
<testsuite ignored="0" hostname="DESKTOP-BRFBEAG" failures="0" tests="10" name="Default test" time="27.227" errors="0" timestamp="2021-03-28T18:19:08 EDT">
  <testcase classname="Flipkart" name="check" time="0.282"/>
  <testcase classname="Flipkart" name="electronics" time="0.343"/>
  <testcase classname="Flipkart" name="mi" time="0.555"/>
  <testcase classname="Flipkart" name="mitext" time="1.347"/>
  <testcase classname="Flipkart" name="down" time="0.694"/>
  <testcase classname="Flipkart" name="video" time="7.436"/>
  <testcase classname="Flipkart" name="sendkey" time="5.271"/>
  <testcase classname="Flipkart" name="VerifyDeliveryVisibility" time="0.311"/>
  <testcase classname="Flipkart" name="ClickOnViewDetailLink" time="0.233"/>
  <testcase classname="Flipkart" name="clickOnAddAoCart" time="0.099"/>
</testsuite> <!-- Default test -->
