<?xml version="1.0" encoding="UTF-8"?>
<testng-results ignored="0" total="10" passed="10" failed="0" skipped="0">
  <reporter-output>
  </reporter-output>
  <suite started-at="2021-03-28T18:18:40 EDT" name="Default suite" finished-at="2021-03-28T18:19:08 EDT" duration-ms="27227">
    <groups>
    </groups>
    <test started-at="2021-03-28T18:18:40 EDT" name="Default test" finished-at="2021-03-28T18:19:08 EDT" duration-ms="27227">
      <class name="Flipkart">
        <test-method is-config="true" signature="setup()[pri:0, instance:Flipkart@65c7a252]" started-at="2021-03-28T18:18:40 EDT" name="setup" finished-at="2021-03-28T18:18:50 EDT" duration-ms="9493" status="PASS">
          <reporter-output>
          </reporter-output>
        </test-method> <!-- setup -->
        <test-method signature="check()[pri:1, instance:Flipkart@65c7a252]" started-at="2021-03-28T18:18:50 EDT" name="check" finished-at="2021-03-28T18:18:50 EDT" duration-ms="282" status="PASS">
          <reporter-output>
          </reporter-output>
        </test-method> <!-- check -->
        <test-method signature="electronics()[pri:2, instance:Flipkart@65c7a252]" started-at="2021-03-28T18:18:50 EDT" name="electronics" finished-at="2021-03-28T18:18:51 EDT" duration-ms="343" status="PASS">
          <reporter-output>
          </reporter-output>
        </test-method> <!-- electronics -->
        <test-method signature="mi()[pri:3, instance:Flipkart@65c7a252]" started-at="2021-03-28T18:18:51 EDT" name="mi" finished-at="2021-03-28T18:18:51 EDT" duration-ms="555" status="PASS">
          <reporter-output>
          </reporter-output>
        </test-method> <!-- mi -->
        <test-method signature="mitext()[pri:4, instance:Flipkart@65c7a252]" started-at="2021-03-28T18:18:51 EDT" name="mitext" finished-at="2021-03-28T18:18:52 EDT" duration-ms="1347" status="PASS">
          <reporter-output>
          </reporter-output>
        </test-method> <!-- mitext -->
        <test-method signature="down()[pri:5, instance:Flipkart@65c7a252]" started-at="2021-03-28T18:18:52 EDT" name="down" finished-at="2021-03-28T18:18:53 EDT" duration-ms="694" status="PASS">
          <reporter-output>
          </reporter-output>
        </test-method> <!-- down -->
        <test-method signature="video()[pri:6, instance:Flipkart@65c7a252]" started-at="2021-03-28T18:18:53 EDT" name="video" finished-at="2021-03-28T18:19:01 EDT" duration-ms="7436" status="PASS">
          <reporter-output>
          </reporter-output>
        </test-method> <!-- video -->
        <test-method signature="sendkey()[pri:7, instance:Flipkart@65c7a252]" started-at="2021-03-28T18:19:01 EDT" name="sendkey" finished-at="2021-03-28T18:19:06 EDT" duration-ms="5271" status="PASS">
          <reporter-output>
          </reporter-output>
        </test-method> <!-- sendkey -->
        <test-method signature="VerifyDeliveryVisibility()[pri:8, instance:Flipkart@65c7a252]" started-at="2021-03-28T18:19:06 EDT" name="VerifyDeliveryVisibility" finished-at="2021-03-28T18:19:06 EDT" duration-ms="311" status="PASS">
          <reporter-output>
          </reporter-output>
        </test-method> <!-- VerifyDeliveryVisibility -->
        <test-method signature="ClickOnViewDetailLink()[pri:9, instance:Flipkart@65c7a252]" started-at="2021-03-28T18:19:06 EDT" name="ClickOnViewDetailLink" finished-at="2021-03-28T18:19:06 EDT" duration-ms="233" status="PASS">
          <reporter-output>
          </reporter-output>
        </test-method> <!-- ClickOnViewDetailLink -->
        <test-method signature="clickOnAddAoCart()[pri:10, instance:Flipkart@65c7a252]" started-at="2021-03-28T18:19:06 EDT" name="clickOnAddAoCart" finished-at="2021-03-28T18:19:07 EDT" duration-ms="99" status="PASS">
          <reporter-output>
          </reporter-output>
        </test-method> <!-- clickOnAddAoCart -->
        <test-method is-config="true" signature="closeBrowser()[pri:0, instance:Flipkart@65c7a252]" started-at="2021-03-28T18:19:07 EDT" name="closeBrowser" finished-at="2021-03-28T18:19:08 EDT" duration-ms="1091" status="PASS">
          <reporter-output>
          </reporter-output>
        </test-method> <!-- closeBrowser -->
      </class> <!-- Flipkart -->
    </test> <!-- Default test -->
  </suite> <!-- Default suite -->
</testng-results>
